<?xml version="1.0" encoding="UTF-8" ?>
<testsuite errors="0" failures="0" hostname="alamgir-PC" name="com.shampan.db.DBConnecitonTest" skipped="0" tests="1" time="0.389" timestamp="2015-06-13T02:44:08">
  <properties>
    <property name="java.vendor" value="Oracle Corporation" />
    <property name="sun.java.launcher" value="SUN_STANDARD" />
    <property name="sun.management.compiler" value="HotSpot 64-Bit Tiered Compilers" />
    <property name="os.name" value="Windows 7" />
    <property name="sun.boot.class.path" value="C:\Program Files\Java\jdk1.7.0_17\jre\lib\resources.jar;C:\Program Files\Java\jdk1.7.0_17\jre\lib\rt.jar;C:\Program Files\Java\jdk1.7.0_17\jre\lib\sunrsasign.jar;C:\Program Files\Java\jdk1.7.0_17\jre\lib\jsse.jar;C:\Program Files\Java\jdk1.7.0_17\jre\lib\jce.jar;C:\Program Files\Java\jdk1.7.0_17\jre\lib\charsets.jar;C:\Program Files\Java\jdk1.7.0_17\jre\lib\jfr.jar;C:\Program Files\Java\jdk1.7.0_17\jre\classes" />
    <property name="sun.desktop" value="windows" />
    <property name="java.vm.specification.vendor" value="Oracle Corporation" />
    <property name="ant.home" value="C:\apache-ant-1.9.4\bin\.." />
    <property name="java.runtime.version" value="1.7.0_17-b02" />
    <property name="user.name" value="alamgir" />
    <property name="ant.file.type.MDataProvider" value="file" />
    <property name="build.dir" value="C:\Users\alamgir\Documents\NetBeansProjects\MDataProvider\build\classes" />
    <property name="user.language" value="en" />
    <property name="test.report.dir" value="C:\Users\alamgir\Documents\NetBeansProjects\MDataProvider\report" />
    <property name="sun.boot.library.path" value="C:\Program Files\Java\jdk1.7.0_17\jre\bin" />
    <property name="ant.project.default-target" value="main" />
    <property name="ant.project.name" value="MDataProvider" />
    <property name="java.version" value="1.7.0_17" />
    <property name="user.timezone" value="" />
    <property name="sun.arch.data.model" value="64" />
    <property name="java.endorsed.dirs" value="C:\Program Files\Java\jdk1.7.0_17\jre\lib\endorsed" />
    <property name="sun.cpu.isalist" value="amd64" />
    <property name="sun.jnu.encoding" value="Cp1252" />
    <property name="file.encoding.pkg" value="sun.io" />
    <property name="file.separator" value="\" />
    <property name="java.specification.name" value="Java Platform API Specification" />
    <property name="java.class.version" value="51.0" />
    <property name="user.country" value="US" />
    <property name="java.home" value="C:\Program Files\Java\jdk1.7.0_17\jre" />
    <property name="dist.dir" value="C:\Users\alamgir\Documents\NetBeansProjects\MDataProvider\dist" />
    <property name="java.vm.info" value="mixed mode" />
    <property name="ant.file" value="C:\Users\alamgir\Documents\NetBeansProjects\MDataProvider\unit-test.xml" />
    <property name="os.version" value="6.1" />
    <property name="path.separator" value=";" />
    <property name="java.vm.version" value="23.7-b01" />
    <property name="user.variant" value="" />
    <property name="ant.library.dir" value="C:\apache-ant-1.9.4\lib" />
    <property name="java.awt.printerjob" value="sun.awt.windows.WPrinterJob" />
    <property name="sun.io.unicode.encoding" value="UnicodeLittle" />
    <property name="awt.toolkit" value="sun.awt.windows.WToolkit" />
    <property name="user.script" value="" />
    <property name="user.home" value="C:\Users\alamgir" />
    <property name="java.specification.vendor" value="Oracle Corporation" />
    <property name="test.dir" value="C:\Users\alamgir\Documents\NetBeansProjects\MDataProvider\test" />
    <property name="java.library.path" value="C:\Program Files\Java\jdk1.7.0_17\jre\bin;C:\Windows\Sun\Java\bin;C:\Windows\system32;C:\Windows;C:\Windows\system32;C:\Windows;C:\Windows\System32\Wbem;C:\Windows\System32\WindowsPowerShell\v1.0\;C:\Program Files\Intel\WiFi\bin\;C:\Program Files\Common Files\Intel\WirelessCommon\;C:\apache-ant-1.9.4\bin;C:\ProgramData\ComposerSetup\bin;C:\xampp\php;c:\Program Files (x86)\Microsoft SQL Server\100\Tools\Binn\;c:\Program Files\Microsoft SQL Server\100\Tools\Binn\;c:\Program Files\Microsoft SQL Server\100\DTS\Binn\;C:\Program Files\MongoDB\Server\3.0\bin;C:\Program Files\Intel\WiFi\bin\;C:\Program Files\Common Files\Intel\WirelessCommon\;." />
    <property name="java.vendor.url" value="http://java.oracle.com/" />
    <property name="java.vm.vendor" value="Oracle Corporation" />
    <property name="java.runtime.name" value="Java(TM) SE Runtime Environment" />
    <property name="sun.java.command" value="org.apache.tools.ant.taskdefs.optional.junit.JUnitTestRunner com.shampan.db.DBConnecitonTest skipNonTests=false filtertrace=true haltOnError=false haltOnFailure=true formatter=org.apache.tools.ant.taskdefs.optional.junit.SummaryJUnitResultFormatter showoutput=false outputtoformatters=true logfailedtests=true threadid=0 logtestlistenerevents=false formatter=org.apache.tools.ant.taskdefs.optional.junit.XMLJUnitResultFormatter,C:\Users\alamgir\Documents\NetBeansProjects\MDataProvider\report\TEST-com.shampan.db.DBConnecitonTest.xml formatter=org.apache.tools.ant.taskdefs.optional.junit.PlainJUnitResultFormatter,C:\Users\alamgir\Documents\NetBeansProjects\MDataProvider\report\TEST-com.shampan.db.DBConnecitonTest.txt crashfile=C:\Users\alamgir\Documents\NetBeansProjects\MDataProvider\junitvmwatcher5659483257525986330.properties propsfile=C:\Users\alamgir\Documents\NetBeansProjects\MDataProvider\junit1660835569510268744.properties" />
    <property name="java.class.path" value="C:\Users\alamgir\Documents\NetBeansProjects\MDataProvider\lib\bson-3.0.1.jar;C:\Users\alamgir\Documents\NetBeansProjects\MDataProvider\lib\junit-3.8.2.jar;C:\Users\alamgir\Documents\NetBeansProjects\MDataProvider\lib\junit-4.10-javadoc.jar;C:\Users\alamgir\Documents\NetBeansProjects\MDataProvider\lib\junit-4.10-sources.jar;C:\Users\alamgir\Documents\NetBeansProjects\MDataProvider\lib\junit-4.10.jar;C:\Users\alamgir\Documents\NetBeansProjects\MDataProvider\lib\log4j-1.2.17.jar;C:\Users\alamgir\Documents\NetBeansProjects\MDataProvider\lib\mongodb-driver-3.0.1.jar;C:\Users\alamgir\Documents\NetBeansProjects\MDataProvider\lib\mongodb-driver-core-3.0.1.jar;C:\Users\alamgir\Documents\NetBeansProjects\MDataProvider\build\classes;C:\Users\alamgir\Documents\NetBeansProjects\MDataProvider\build\test;C:\apache-ant-1.9.4\lib\junit-4.10.jar;C:\apache-ant-1.9.4\lib\ant-launcher.jar;C:\apache-ant-1.9.4\lib\ant.jar;C:\apache-ant-1.9.4\lib\ant-junit.jar;C:\apache-ant-1.9.4\lib\ant-junit4.jar" />
    <property name="ant.version" value="Apache Ant(TM) version 1.9.4 compiled on April 29 2014" />
    <property name="java.vm.specification.name" value="Java Virtual Machine Specification" />
    <property name="ant.file.type" value="file" />
    <property name="java.vm.specification.version" value="1.7" />
    <property name="sun.cpu.endian" value="little" />
    <property name="sun.os.patch.level" value="" />
    <property name="java.io.tmpdir" value="C:\Users\alamgir\AppData\Local\Temp\" />
    <property name="java.vendor.url.bug" value="http://bugreport.sun.com/bugreport/" />
    <property name="os.arch" value="amd64" />
    <property name="java.awt.graphicsenv" value="sun.awt.Win32GraphicsEnvironment" />
    <property name="java.ext.dirs" value="C:\Program Files\Java\jdk1.7.0_17\jre\lib\ext;C:\Windows\Sun\Java\lib\ext" />
    <property name="user.dir" value="C:\Users\alamgir\Documents\NetBeansProjects\MDataProvider" />
    <property name="build.test.dir" value="C:\Users\alamgir\Documents\NetBeansProjects\MDataProvider\build\test" />
    <property name="line.separator" value="&#xd;&#xa;" />
    <property name="java.vm.name" value="Java HotSpot(TM) 64-Bit Server VM" />
    <property name="basedir" value="C:\Users\alamgir\Documents\NetBeansProjects\MDataProvider" />
    <property name="ant.java.version" value="1.7" />
    <property name="ant.core.lib" value="C:\apache-ant-1.9.4\lib\ant.jar" />
    <property name="file.encoding" value="Cp1252" />
    <property name="java.specification.version" value="1.7" />
    <property name="src.dir" value="C:\Users\alamgir\Documents\NetBeansProjects\MDataProvider\src" />
    <property name="ant.project.invoked-targets" value="main" />
    <property name="ant.file.MDataProvider" value="C:\Users\alamgir\Documents\NetBeansProjects\MDataProvider\unit-test.xml" />
  </properties>
  <testcase classname="com.shampan.db.DBConnecitonTest" name="main" time="0.329" />
  <system-out><![CDATA[]]></system-out>
  <system-err><![CDATA[Jun 13, 2015 8:44:09 AM com.mongodb.diagnostics.logging.JULLogger log
INFO: Cluster created with settings {hosts=[127.0.0.1:27018], mode=SINGLE, requiredClusterType=UNKNOWN, serverSelectionTimeout='30000 ms', maxWaitQueueSize=500}
]]></system-err>
</testsuite>
